The system is: Linux - 2.6.32-33-generic - x86_64
Compiling the C compiler identification source file "CMakeCCompilerId.c" succeeded.
Compiler: /opt/intel/composerxe-2011.2.137/bin/intel64/icc 
Build flags: 
Id flags: 

The output was:
0


Compilation of the C compiler identification source "CMakeCCompilerId.c" produced "a.out"

The C compiler identification is Intel, found in "/home/marcus/nbuddies.git/stage-LINUX-x86_64/debug2012/CMakeFiles/CompilerIdC/a.out"

Compiling the CXX compiler identification source file "CMakeCXXCompilerId.cpp" succeeded.
Compiler: /opt/intel/composerxe-2011.2.137/bin/intel64/icpc 
Build flags: 
Id flags: 

The output was:
0


Compilation of the CXX compiler identification source "CMakeCXXCompilerId.cpp" produced "a.out"

The CXX compiler identification is Intel, found in "/home/marcus/nbuddies.git/stage-LINUX-x86_64/debug2012/CMakeFiles/CompilerIdCXX/a.out"

Determining if the C compiler works passed with the following output:
Change Dir: /home/marcus/nbuddies.git/stage-LINUX-x86_64/debug2012/CMakeFiles/CMakeTmp

Run Build Command:/usr/bin/make "cmTryCompileExec/fast"
/usr/bin/make -f CMakeFiles/cmTryCompileExec.dir/build.make CMakeFiles/cmTryCompileExec.dir/build
make[1]: Entering directory `/home/marcus/nbuddies.git/stage-LINUX-x86_64/debug2012/CMakeFiles/CMakeTmp'
/usr/bin/cmake -E cmake_progress_report /home/marcus/nbuddies.git/stage-LINUX-x86_64/debug2012/CMakeFiles/CMakeTmp/CMakeFiles 1
Building C object CMakeFiles/cmTryCompileExec.dir/testCCompiler.c.o
/opt/intel/composerxe-2011.2.137/bin/intel64/icc    -o CMakeFiles/cmTryCompileExec.dir/testCCompiler.c.o   -c /home/marcus/nbuddies.git/stage-LINUX-x86_64/debug2012/CMakeFiles/CMakeTmp/testCCompiler.c
Linking C executable cmTryCompileExec
/usr/bin/cmake -E cmake_link_script CMakeFiles/cmTryCompileExec.dir/link.txt --verbose=1
/opt/intel/composerxe-2011.2.137/bin/intel64/icc        CMakeFiles/cmTryCompileExec.dir/testCCompiler.c.o  -o cmTryCompileExec -rdynamic 
make[1]: Leaving directory `/home/marcus/nbuddies.git/stage-LINUX-x86_64/debug2012/CMakeFiles/CMakeTmp'


Detecting C compiler ABI info compiled with the following output:
Change Dir: /home/marcus/nbuddies.git/stage-LINUX-x86_64/debug2012/CMakeFiles/CMakeTmp

Run Build Command:/usr/bin/make "cmTryCompileExec/fast"
/usr/bin/make -f CMakeFiles/cmTryCompileExec.dir/build.make CMakeFiles/cmTryCompileExec.dir/build
make[1]: Entering directory `/home/marcus/nbuddies.git/stage-LINUX-x86_64/debug2012/CMakeFiles/CMakeTmp'
/usr/bin/cmake -E cmake_progress_report /home/marcus/nbuddies.git/stage-LINUX-x86_64/debug2012/CMakeFiles/CMakeTmp/CMakeFiles 1
Building C object CMakeFiles/cmTryCompileExec.dir/CMakeCCompilerABI.c.o
/opt/intel/composerxe-2011.2.137/bin/intel64/icc    -o CMakeFiles/cmTryCompileExec.dir/CMakeCCompilerABI.c.o   -c /usr/share/cmake-2.8/Modules/CMakeCCompilerABI.c
Linking C executable cmTryCompileExec
/usr/bin/cmake -E cmake_link_script CMakeFiles/cmTryCompileExec.dir/link.txt --verbose=1
/opt/intel/composerxe-2011.2.137/bin/intel64/icc       -v CMakeFiles/cmTryCompileExec.dir/CMakeCCompilerABI.c.o  -o cmTryCompileExec -rdynamic  
Version 12.0.2
/opt/intel/composerxe-2011.2.137/bin/intel64/mcpcom    -mP1OPT_version=12.0-intel64 -mGLOB_diag_file=CMakeFiles/cmTryCompileExec.dir/CMakeCCompilerABI.c.diag -mP1OPT_print_version=FALSE -mCG_use_gas_got_workaround=F -mP2OPT_align_option_used=TRUE -mGLOB_gcc_version=443 "-mGLOB_options_string=-v -o cmTryCompileExec -rdynamic" -mGLOB_cxx_limited_range=FALSE -mGLOB_as_output_backup_file_name=/tmp/iccg3jFnCas_.s -mIPOPT_activate -mGLOB_machine_model=GLOB_MACHINE_MODEL_EFI2 -mGLOB_product_id_code=0x22001de9 -mP3OPT_use_mspp_call_convention -mPGOPTI_value_profile_use=T -mP2OPT_il0_array_sections=TRUE -mP2OPT_hlo -mP2OPT_hpo_rtt_control=0 -mIPOPT_args_in_regs=0 -mIPOPT_link -mIPOPT_ipo_activate -mIPOPT_mo_activate -mIPOPT_source_files_list=/tmp/iccaY2fUhslis -mIPOPT_mo_global_data -mIPOPT_link_script_file=/tmp/iccoqjT33script -mIPOPT_link_version=2.20.1-system.20100303 "-mIPOPT_cmdline_link="/usr/lib/gcc/x86_64-linux-gnu/4.4.3/../../../../lib64/crt1.o" "/usr/lib/gcc/x86_64-linux-gnu/4.4.3/../../../../lib64/crti.o" "/usr/lib/gcc/x86_64-linux-gnu/4.4.3/crtbegin.o" "-export-dynamic" "--eh-frame-hdr" "-dynamic-linker" "/lib64/ld-linux-x86-64.so.2" "-o" "cmTryCompileExec" "-L/opt/intel/composerxe-2011.2.137/compiler/lib/intel64" "-L/opt/intel/composerxe-2011.2.137/ipp/../compiler/lib/intel64" "-L/opt/intel/composerxe-2011.2.137/ipp/lib/intel64" "-L/opt/intel/composerxe-2011.2.137/compiler/lib/intel64" "-L/opt/intel/composerxe-2011.2.137/mkl/lib/intel64" "-L/opt/intel/composerxe-2011.2.137/tbb/lib/intel64//cc4.1.0_libc2.4_kernel2.6.16.21" "-L/opt/intel/composerxe-2011.2.137/compiler/lib/intel64" "-L/usr/lib/gcc/x86_64-linux-gnu/4.4.3" "-L/usr/lib/gcc/x86_64-linux-gnu/4.4.3/../../../../lib64" "-L/usr/lib/gcc/x86_64-linux-gnu/4.4.3/../../../../lib" "-L/lib/../lib64" "-L/lib/../lib" "-L/usr/lib/../lib64" "-L/usr/lib/../lib" "-L/opt/intel/composerxe-2011.2.137/compiler/lib/intel64" "-L/opt/intel/composerxe-2011.2.137/ipp/../compiler/lib/intel64" "-L/opt/intel/composerxe-2011.2.137/ipp/lib/intel64" "-L/opt/intel/composerxe-2011.2.137/mkl/lib/intel64" "-L/opt/intel/composerxe-2011.2.137/tbb/lib/intel64//cc4.1.0_libc2.4_kernel2.6.16.21" "-L/usr/lib/gcc/x86_64-linux-gnu/4.4.3/../../.." "-L/lib64" "-L/lib" "-L/usr/lib64" "-L/usr/lib" "-L/usr/lib/x86_64-linux-gnu" "CMakeFiles/cmTryCompileExec.dir/CMakeCCompilerABI.c.o" "-Bstatic" "-limf" "-lsvml" "-Bdynamic" "-lm" "-Bstatic" "-lipgo" "-ldecimal" "--as-needed" "-Bdynamic" "-lcilkrts" "-lstdc++" "--no-as-needed" "-lgcc_s" "-lgcc" "-Bstatic" "-lirc" "-Bdynamic" "-lc" "-lgcc_s" "-lgcc" "-Bstatic" "-lirc_s" "-Bdynamic" "-ldl" "-lc" "/usr/lib/gcc/x86_64-linux-gnu/4.4.3/crtend.o" "/usr/lib/gcc/x86_64-linux-gnu/4.4.3/../../../../lib64/crtn.o"" -mIPOPT_il_in_obj -mIPOPT_ipo_activate_warn=FALSE -mIPOPT_obj_output_file_name=/tmp/ipo_iccwNRyYC.o -mGLOB_linker_version=2.20.1-system.20100303 -mGLOB_long_size_64 -mGLOB_routine_pointer_size_64 -mP3OPT_asm_target=P3OPT_ASM_TARGET_GAS -mGLOB_obj_output_file=/tmp/ipo_iccwNRyYC.o -mP1OPT_source_file_name=ipo_out.c CMakeFiles/cmTryCompileExec.dir/CMakeCCompilerABI.c.o -mIPOPT_object_files=/tmp/iccrqaa8oolis -mIPOPT_assembly_files=/tmp/iccEoSLhbalis -mIPOPT_generated_tempfiles=/tmp/iccL4TnrXelis -mIPOPT_embedded_object_base_name=/tmp/icccAk0AJeobj -mIPOPT_cmdline_link_new_name=/tmp/iccHUZCKvllis
ld    /usr/lib/gcc/x86_64-linux-gnu/4.4.3/../../../../lib64/crt1.o /usr/lib/gcc/x86_64-linux-gnu/4.4.3/../../../../lib64/crti.o /usr/lib/gcc/x86_64-linux-gnu/4.4.3/crtbegin.o -export-dynamic --eh-frame-hdr -dynamic-linker /lib64/ld-linux-x86-64.so.2 -o cmTryCompileExec -L/opt/intel/composerxe-2011.2.137/compiler/lib/intel64 -L/opt/intel/composerxe-2011.2.137/ipp/../compiler/lib/intel64 -L/opt/intel/composerxe-2011.2.137/ipp/lib/intel64 -L/opt/intel/composerxe-2011.2.137/compiler/lib/intel64 -L/opt/intel/composerxe-2011.2.137/mkl/lib/intel64 -L/opt/intel/composerxe-2011.2.137/tbb/lib/intel64//cc4.1.0_libc2.4_kernel2.6.16.21 -L/opt/intel/composerxe-2011.2.137/compiler/lib/intel64 -L/usr/lib/gcc/x86_64-linux-gnu/4.4.3 -L/usr/lib/gcc/x86_64-linux-gnu/4.4.3/../../../../lib64 -L/usr/lib/gcc/x86_64-linux-gnu/4.4.3/../../../../lib -L/lib/../lib64 -L/lib/../lib -L/usr/lib/../lib64 -L/usr/lib/../lib -L/opt/intel/composerxe-2011.2.137/compiler/lib/intel64 -L/opt/intel/composerxe-2011.2.137/ipp/../compiler/lib/intel64 -L/opt/intel/composerxe-2011.2.137/ipp/lib/intel64 -L/opt/intel/composerxe-2011.2.137/mkl/lib/intel64 -L/opt/intel/composerxe-2011.2.137/tbb/lib/intel64//cc4.1.0_libc2.4_kernel2.6.16.21 -L/usr/lib/gcc/x86_64-linux-gnu/4.4.3/../../.. -L/lib64 -L/lib -L/usr/lib64 -L/usr/lib -L/usr/lib/x86_64-linux-gnu CMakeFiles/cmTryCompileExec.dir/CMakeCCompilerABI.c.o -Bstatic -limf -lsvml -Bdynamic -lm -Bstatic -lipgo -ldecimal --as-needed -Bdynamic -lcilkrts -lstdc++ --no-as-needed -lgcc_s -lgcc -Bstatic -lirc -Bdynamic -lc -lgcc_s -lgcc -Bstatic -lirc_s -Bdynamic -ldl -lc /usr/lib/gcc/x86_64-linux-gnu/4.4.3/crtend.o /usr/lib/gcc/x86_64-linux-gnu/4.4.3/../../../../lib64/crtn.o
rm /tmp/iccW6qJF4libgcc

rm /tmp/iccOW6XOQgnudirs

rm /tmp/iccrqaa8oolis

rm /tmp/iccEoSLhbalis

rm /tmp/iccL4TnrXelis

rm /tmp/iccHUZCKvllis

rm /tmp/iccaY2fUhslis

rm /tmp/iccoqjT33script

rm /tmp/ipo_iccwNRyYC.o

rm /tmp/iccu44wdQgas

rm /tmp/iccg3jFnCas_.s

rm /tmp/iccHcmOxoldashv

rm /tmp/icc3inmIagnudirs

rm /tmp/icc100BTWldashv

rm /tmp/iccJMkn5Iarg

make[1]: Leaving directory `/home/marcus/nbuddies.git/stage-LINUX-x86_64/debug2012/CMakeFiles/CMakeTmp'


Parsed C implicit link information from above output:
  link line regex: [^( *|.*[/\])(ld|ld|collect2)[^/\]*( |$)]
  ignore line: [Change Dir: /home/marcus/nbuddies.git/stage-LINUX-x86_64/debug2012/CMakeFiles/CMakeTmp]
  ignore line: []
  ignore line: [Run Build Command:/usr/bin/make "cmTryCompileExec/fast"]
  ignore line: [/usr/bin/make -f CMakeFiles/cmTryCompileExec.dir/build.make CMakeFiles/cmTryCompileExec.dir/build]
  ignore line: [make[1]: Entering directory `/home/marcus/nbuddies.git/stage-LINUX-x86_64/debug2012/CMakeFiles/CMakeTmp']
  ignore line: [/usr/bin/cmake -E cmake_progress_report /home/marcus/nbuddies.git/stage-LINUX-x86_64/debug2012/CMakeFiles/CMakeTmp/CMakeFiles 1]
  ignore line: [Building C object CMakeFiles/cmTryCompileExec.dir/CMakeCCompilerABI.c.o]
  ignore line: [/opt/intel/composerxe-2011.2.137/bin/intel64/icc    -o CMakeFiles/cmTryCompileExec.dir/CMakeCCompilerABI.c.o   -c /usr/share/cmake-2.8/Modules/CMakeCCompilerABI.c]
  ignore line: [Linking C executable cmTryCompileExec]
  ignore line: [/usr/bin/cmake -E cmake_link_script CMakeFiles/cmTryCompileExec.dir/link.txt --verbose=1]
  ignore line: [/opt/intel/composerxe-2011.2.137/bin/intel64/icc       -v CMakeFiles/cmTryCompileExec.dir/CMakeCCompilerABI.c.o  -o cmTryCompileExec -rdynamic  ]
  ignore line: [Version 12.0.2]
  ignore line: [/opt/intel/composerxe-2011.2.137/bin/intel64/mcpcom    -mP1OPT_version=12.0-intel64 -mGLOB_diag_file=CMakeFiles/cmTryCompileExec.dir/CMakeCCompilerABI.c.diag -mP1OPT_print_version=FALSE -mCG_use_gas_got_workaround=F -mP2OPT_align_option_used=TRUE -mGLOB_gcc_version=443 "-mGLOB_options_string=-v -o cmTryCompileExec -rdynamic" -mGLOB_cxx_limited_range=FALSE -mGLOB_as_output_backup_file_name=/tmp/iccg3jFnCas_.s -mIPOPT_activate -mGLOB_machine_model=GLOB_MACHINE_MODEL_EFI2 -mGLOB_product_id_code=0x22001de9 -mP3OPT_use_mspp_call_convention -mPGOPTI_value_profile_use=T -mP2OPT_il0_array_sections=TRUE -mP2OPT_hlo -mP2OPT_hpo_rtt_control=0 -mIPOPT_args_in_regs=0 -mIPOPT_link -mIPOPT_ipo_activate -mIPOPT_mo_activate -mIPOPT_source_files_list=/tmp/iccaY2fUhslis -mIPOPT_mo_global_data -mIPOPT_link_script_file=/tmp/iccoqjT33script -mIPOPT_link_version=2.20.1-system.20100303 "-mIPOPT_cmdline_link="/usr/lib/gcc/x86_64-linux-gnu/4.4.3/../../../../lib64/crt1.o" "/usr/lib/gcc/x86_64-linux-gnu/4.4.3/../../../../lib64/crti.o" "/usr/lib/gcc/x86_64-linux-gnu/4.4.3/crtbegin.o" "-export-dynamic" "--eh-frame-hdr" "-dynamic-linker" "/lib64/ld-linux-x86-64.so.2" "-o" "cmTryCompileExec" "-L/opt/intel/composerxe-2011.2.137/compiler/lib/intel64" "-L/opt/intel/composerxe-2011.2.137/ipp/../compiler/lib/intel64" "-L/opt/intel/composerxe-2011.2.137/ipp/lib/intel64" "-L/opt/intel/composerxe-2011.2.137/compiler/lib/intel64" "-L/opt/intel/composerxe-2011.2.137/mkl/lib/intel64" "-L/opt/intel/composerxe-2011.2.137/tbb/lib/intel64//cc4.1.0_libc2.4_kernel2.6.16.21" "-L/opt/intel/composerxe-2011.2.137/compiler/lib/intel64" "-L/usr/lib/gcc/x86_64-linux-gnu/4.4.3" "-L/usr/lib/gcc/x86_64-linux-gnu/4.4.3/../../../../lib64" "-L/usr/lib/gcc/x86_64-linux-gnu/4.4.3/../../../../lib" "-L/lib/../lib64" "-L/lib/../lib" "-L/usr/lib/../lib64" "-L/usr/lib/../lib" "-L/opt/intel/composerxe-2011.2.137/compiler/lib/intel64" "-L/opt/intel/composerxe-2011.2.137/ipp/../compiler/lib/intel64" "-L/opt/intel/composerxe-2011.2.137/ipp/lib/intel64" "-L/opt/intel/composerxe-2011.2.137/mkl/lib/intel64" "-L/opt/intel/composerxe-2011.2.137/tbb/lib/intel64//cc4.1.0_libc2.4_kernel2.6.16.21" "-L/usr/lib/gcc/x86_64-linux-gnu/4.4.3/../../.." "-L/lib64" "-L/lib" "-L/usr/lib64" "-L/usr/lib" "-L/usr/lib/x86_64-linux-gnu" "CMakeFiles/cmTryCompileExec.dir/CMakeCCompilerABI.c.o" "-Bstatic" "-limf" "-lsvml" "-Bdynamic" "-lm" "-Bstatic" "-lipgo" "-ldecimal" "--as-needed" "-Bdynamic" "-lcilkrts" "-lstdc++" "--no-as-needed" "-lgcc_s" "-lgcc" "-Bstatic" "-lirc" "-Bdynamic" "-lc" "-lgcc_s" "-lgcc" "-Bstatic" "-lirc_s" "-Bdynamic" "-ldl" "-lc" "/usr/lib/gcc/x86_64-linux-gnu/4.4.3/crtend.o" "/usr/lib/gcc/x86_64-linux-gnu/4.4.3/../../../../lib64/crtn.o"" -mIPOPT_il_in_obj -mIPOPT_ipo_activate_warn=FALSE -mIPOPT_obj_output_file_name=/tmp/ipo_iccwNRyYC.o -mGLOB_linker_version=2.20.1-system.20100303 -mGLOB_long_size_64 -mGLOB_routine_pointer_size_64 -mP3OPT_asm_target=P3OPT_ASM_TARGET_GAS -mGLOB_obj_output_file=/tmp/ipo_iccwNRyYC.o -mP1OPT_source_file_name=ipo_out.c CMakeFiles/cmTryCompileExec.dir/CMakeCCompilerABI.c.o -mIPOPT_object_files=/tmp/iccrqaa8oolis -mIPOPT_assembly_files=/tmp/iccEoSLhbalis -mIPOPT_generated_tempfiles=/tmp/iccL4TnrXelis -mIPOPT_embedded_object_base_name=/tmp/icccAk0AJeobj -mIPOPT_cmdline_link_new_name=/tmp/iccHUZCKvllis]
  link line: [ld    /usr/lib/gcc/x86_64-linux-gnu/4.4.3/../../../../lib64/crt1.o /usr/lib/gcc/x86_64-linux-gnu/4.4.3/../../../../lib64/crti.o /usr/lib/gcc/x86_64-linux-gnu/4.4.3/crtbegin.o -export-dynamic --eh-frame-hdr -dynamic-linker /lib64/ld-linux-x86-64.so.2 -o cmTryCompileExec -L/opt/intel/composerxe-2011.2.137/compiler/lib/intel64 -L/opt/intel/composerxe-2011.2.137/ipp/../compiler/lib/intel64 -L/opt/intel/composerxe-2011.2.137/ipp/lib/intel64 -L/opt/intel/composerxe-2011.2.137/compiler/lib/intel64 -L/opt/intel/composerxe-2011.2.137/mkl/lib/intel64 -L/opt/intel/composerxe-2011.2.137/tbb/lib/intel64//cc4.1.0_libc2.4_kernel2.6.16.21 -L/opt/intel/composerxe-2011.2.137/compiler/lib/intel64 -L/usr/lib/gcc/x86_64-linux-gnu/4.4.3 -L/usr/lib/gcc/x86_64-linux-gnu/4.4.3/../../../../lib64 -L/usr/lib/gcc/x86_64-linux-gnu/4.4.3/../../../../lib -L/lib/../lib64 -L/lib/../lib -L/usr/lib/../lib64 -L/usr/lib/../lib -L/opt/intel/composerxe-2011.2.137/compiler/lib/intel64 -L/opt/intel/composerxe-2011.2.137/ipp/../compiler/lib/intel64 -L/opt/intel/composerxe-2011.2.137/ipp/lib/intel64 -L/opt/intel/composerxe-2011.2.137/mkl/lib/intel64 -L/opt/intel/composerxe-2011.2.137/tbb/lib/intel64//cc4.1.0_libc2.4_kernel2.6.16.21 -L/usr/lib/gcc/x86_64-linux-gnu/4.4.3/../../.. -L/lib64 -L/lib -L/usr/lib64 -L/usr/lib -L/usr/lib/x86_64-linux-gnu CMakeFiles/cmTryCompileExec.dir/CMakeCCompilerABI.c.o -Bstatic -limf -lsvml -Bdynamic -lm -Bstatic -lipgo -ldecimal --as-needed -Bdynamic -lcilkrts -lstdc++ --no-as-needed -lgcc_s -lgcc -Bstatic -lirc -Bdynamic -lc -lgcc_s -lgcc -Bstatic -lirc_s -Bdynamic -ldl -lc /usr/lib/gcc/x86_64-linux-gnu/4.4.3/crtend.o /usr/lib/gcc/x86_64-linux-gnu/4.4.3/../../../../lib64/crtn.o]
    arg [ld] ==> ignore
    arg [/usr/lib/gcc/x86_64-linux-gnu/4.4.3/../../../../lib64/crt1.o] ==> ignore
    arg [/usr/lib/gcc/x86_64-linux-gnu/4.4.3/../../../../lib64/crti.o] ==> ignore
    arg [/usr/lib/gcc/x86_64-linux-gnu/4.4.3/crtbegin.o] ==> ignore
    arg [-export-dynamic] ==> ignore
    arg [--eh-frame-hdr] ==> ignore
    arg [-dynamic-linker] ==> ignore
    arg [/lib64/ld-linux-x86-64.so.2] ==> ignore
    arg [-o] ==> ignore
    arg [cmTryCompileExec] ==> ignore
    arg [-L/opt/intel/composerxe-2011.2.137/compiler/lib/intel64] ==> dir [/opt/intel/composerxe-2011.2.137/compiler/lib/intel64]
    arg [-L/opt/intel/composerxe-2011.2.137/ipp/../compiler/lib/intel64] ==> dir [/opt/intel/composerxe-2011.2.137/ipp/../compiler/lib/intel64]
    arg [-L/opt/intel/composerxe-2011.2.137/ipp/lib/intel64] ==> dir [/opt/intel/composerxe-2011.2.137/ipp/lib/intel64]
    arg [-L/opt/intel/composerxe-2011.2.137/compiler/lib/intel64] ==> dir [/opt/intel/composerxe-2011.2.137/compiler/lib/intel64]
    arg [-L/opt/intel/composerxe-2011.2.137/mkl/lib/intel64] ==> dir [/opt/intel/composerxe-2011.2.137/mkl/lib/intel64]
    arg [-L/opt/intel/composerxe-2011.2.137/tbb/lib/intel64//cc4.1.0_libc2.4_kernel2.6.16.21] ==> dir [/opt/intel/composerxe-2011.2.137/tbb/lib/intel64//cc4.1.0_libc2.4_kernel2.6.16.21]
    arg [-L/opt/intel/composerxe-2011.2.137/compiler/lib/intel64] ==> dir [/opt/intel/composerxe-2011.2.137/compiler/lib/intel64]
    arg [-L/usr/lib/gcc/x86_64-linux-gnu/4.4.3] ==> dir [/usr/lib/gcc/x86_64-linux-gnu/4.4.3]
    arg [-L/usr/lib/gcc/x86_64-linux-gnu/4.4.3/../../../../lib64] ==> dir [/usr/lib/gcc/x86_64-linux-gnu/4.4.3/../../../../lib64]
    arg [-L/usr/lib/gcc/x86_64-linux-gnu/4.4.3/../../../../lib] ==> dir [/usr/lib/gcc/x86_64-linux-gnu/4.4.3/../../../../lib]
    arg [-L/lib/../lib64] ==> dir [/lib/../lib64]
    arg [-L/lib/../lib] ==> dir [/lib/../lib]
    arg [-L/usr/lib/../lib64] ==> dir [/usr/lib/../lib64]
    arg [-L/usr/lib/../lib] ==> dir [/usr/lib/../lib]
    arg [-L/opt/intel/composerxe-2011.2.137/compiler/lib/intel64] ==> dir [/opt/intel/composerxe-2011.2.137/compiler/lib/intel64]
    arg [-L/opt/intel/composerxe-2011.2.137/ipp/../compiler/lib/intel64] ==> dir [/opt/intel/composerxe-2011.2.137/ipp/../compiler/lib/intel64]
    arg [-L/opt/intel/composerxe-2011.2.137/ipp/lib/intel64] ==> dir [/opt/intel/composerxe-2011.2.137/ipp/lib/intel64]
    arg [-L/opt/intel/composerxe-2011.2.137/mkl/lib/intel64] ==> dir [/opt/intel/composerxe-2011.2.137/mkl/lib/intel64]
    arg [-L/opt/intel/composerxe-2011.2.137/tbb/lib/intel64//cc4.1.0_libc2.4_kernel2.6.16.21] ==> dir [/opt/intel/composerxe-2011.2.137/tbb/lib/intel64//cc4.1.0_libc2.4_kernel2.6.16.21]
    arg [-L/usr/lib/gcc/x86_64-linux-gnu/4.4.3/../../..] ==> dir [/usr/lib/gcc/x86_64-linux-gnu/4.4.3/../../..]
    arg [-L/lib64] ==> dir [/lib64]
    arg [-L/lib] ==> dir [/lib]
    arg [-L/usr/lib64] ==> dir [/usr/lib64]
    arg [-L/usr/lib] ==> dir [/usr/lib]
    arg [-L/usr/lib/x86_64-linux-gnu] ==> dir [/usr/lib/x86_64-linux-gnu]
    arg [CMakeFiles/cmTryCompileExec.dir/CMakeCCompilerABI.c.o] ==> ignore
    arg [-Bstatic] ==> ignore
    arg [-limf] ==> lib [imf]
    arg [-lsvml] ==> lib [svml]
    arg [-Bdynamic] ==> ignore
    arg [-lm] ==> lib [m]
    arg [-Bstatic] ==> ignore
    arg [-lipgo] ==> lib [ipgo]
    arg [-ldecimal] ==> lib [decimal]
    arg [--as-needed] ==> ignore
    arg [-Bdynamic] ==> ignore
    arg [-lcilkrts] ==> lib [cilkrts]
    arg [-lstdc++] ==> lib [stdc++]
    arg [--no-as-needed] ==> ignore
    arg [-lgcc_s] ==> lib [gcc_s]
    arg [-lgcc] ==> lib [gcc]
    arg [-Bstatic] ==> ignore
    arg [-lirc] ==> lib [irc]
    arg [-Bdynamic] ==> ignore
    arg [-lc] ==> lib [c]
    arg [-lgcc_s] ==> lib [gcc_s]
    arg [-lgcc] ==> lib [gcc]
    arg [-Bstatic] ==> ignore
    arg [-lirc_s] ==> lib [irc_s]
    arg [-Bdynamic] ==> ignore
    arg [-ldl] ==> lib [dl]
    arg [-lc] ==> lib [c]
    arg [/usr/lib/gcc/x86_64-linux-gnu/4.4.3/crtend.o] ==> ignore
    arg [/usr/lib/gcc/x86_64-linux-gnu/4.4.3/../../../../lib64/crtn.o] ==> ignore
  remove lib [gcc_s]
  remove lib [gcc]
  remove lib [gcc_s]
  remove lib [gcc]
  collapse dir [/opt/intel/composerxe-2011.2.137/compiler/lib/intel64] ==> [/opt/intel/composerxe-2011.2.137/compiler/lib/intel64]
  collapse dir [/opt/intel/composerxe-2011.2.137/ipp/../compiler/lib/intel64] ==> [/opt/intel/composerxe-2011.2.137/compiler/lib/intel64]
  collapse dir [/opt/intel/composerxe-2011.2.137/ipp/lib/intel64] ==> [/opt/intel/composerxe-2011.2.137/ipp/lib/intel64]
  collapse dir [/opt/intel/composerxe-2011.2.137/compiler/lib/intel64] ==> [/opt/intel/composerxe-2011.2.137/compiler/lib/intel64]
  collapse dir [/opt/intel/composerxe-2011.2.137/mkl/lib/intel64] ==> [/opt/intel/composerxe-2011.2.137/mkl/lib/intel64]
  collapse dir [/opt/intel/composerxe-2011.2.137/tbb/lib/intel64//cc4.1.0_libc2.4_kernel2.6.16.21] ==> [/opt/intel/composerxe-2011.2.137/tbb/lib/intel64/cc4.1.0_libc2.4_kernel2.6.16.21]
  collapse dir [/opt/intel/composerxe-2011.2.137/compiler/lib/intel64] ==> [/opt/intel/composerxe-2011.2.137/compiler/lib/intel64]
  collapse dir [/usr/lib/gcc/x86_64-linux-gnu/4.4.3] ==> [/usr/lib/gcc/x86_64-linux-gnu/4.4.3]
  collapse dir [/usr/lib/gcc/x86_64-linux-gnu/4.4.3/../../../../lib64] ==> [/usr/lib64]
  collapse dir [/usr/lib/gcc/x86_64-linux-gnu/4.4.3/../../../../lib] ==> [/usr/lib]
  collapse dir [/lib/../lib64] ==> [/lib64]
  collapse dir [/lib/../lib] ==> [/lib]
  collapse dir [/usr/lib/../lib64] ==> [/usr/lib64]
  collapse dir [/usr/lib/../lib] ==> [/usr/lib]
  collapse dir [/opt/intel/composerxe-2011.2.137/compiler/lib/intel64] ==> [/opt/intel/composerxe-2011.2.137/compiler/lib/intel64]
  collapse dir [/opt/intel/composerxe-2011.2.137/ipp/../compiler/lib/intel64] ==> [/opt/intel/composerxe-2011.2.137/compiler/lib/intel64]
  collapse dir [/opt/intel/composerxe-2011.2.137/ipp/lib/intel64] ==> [/opt/intel/composerxe-2011.2.137/ipp/lib/intel64]
  collapse dir [/opt/intel/composerxe-2011.2.137/mkl/lib/intel64] ==> [/opt/intel/composerxe-2011.2.137/mkl/lib/intel64]
  collapse dir [/opt/intel/composerxe-2011.2.137/tbb/lib/intel64//cc4.1.0_libc2.4_kernel2.6.16.21] ==> [/opt/intel/composerxe-2011.2.137/tbb/lib/intel64/cc4.1.0_libc2.4_kernel2.6.16.21]
  collapse dir [/usr/lib/gcc/x86_64-linux-gnu/4.4.3/../../..] ==> [/usr/lib]
  collapse dir [/lib64] ==> [/lib64]
  collapse dir [/lib] ==> [/lib]
  collapse dir [/usr/lib64] ==> [/usr/lib64]
  collapse dir [/usr/lib] ==> [/usr/lib]
  collapse dir [/usr/lib/x86_64-linux-gnu] ==> [/usr/lib/x86_64-linux-gnu]
  implicit libs: [imf;svml;m;ipgo;decimal;cilkrts;stdc++;irc;c;irc_s;dl;c]
  implicit dirs: [/opt/intel/composerxe-2011.2.137/compiler/lib/intel64;/opt/intel/composerxe-2011.2.137/ipp/lib/intel64;/opt/intel/composerxe-2011.2.137/mkl/lib/intel64;/opt/intel/composerxe-2011.2.137/tbb/lib/intel64/cc4.1.0_libc2.4_kernel2.6.16.21;/usr/lib/gcc/x86_64-linux-gnu/4.4.3;/usr/lib64;/usr/lib;/lib64;/lib;/usr/lib/x86_64-linux-gnu]


Determining if the CXX compiler works passed with the following output:
Change Dir: /home/marcus/nbuddies.git/stage-LINUX-x86_64/debug2012/CMakeFiles/CMakeTmp

Run Build Command:/usr/bin/make "cmTryCompileExec/fast"
/usr/bin/make -f CMakeFiles/cmTryCompileExec.dir/build.make CMakeFiles/cmTryCompileExec.dir/build
make[1]: Entering directory `/home/marcus/nbuddies.git/stage-LINUX-x86_64/debug2012/CMakeFiles/CMakeTmp'
/usr/bin/cmake -E cmake_progress_report /home/marcus/nbuddies.git/stage-LINUX-x86_64/debug2012/CMakeFiles/CMakeTmp/CMakeFiles 1
Building CXX object CMakeFiles/cmTryCompileExec.dir/testCXXCompiler.cxx.o
/opt/intel/composerxe-2011.2.137/bin/intel64/icpc     -o CMakeFiles/cmTryCompileExec.dir/testCXXCompiler.cxx.o -c /home/marcus/nbuddies.git/stage-LINUX-x86_64/debug2012/CMakeFiles/CMakeTmp/testCXXCompiler.cxx
Linking CXX executable cmTryCompileExec
/usr/bin/cmake -E cmake_link_script CMakeFiles/cmTryCompileExec.dir/link.txt --verbose=1
/opt/intel/composerxe-2011.2.137/bin/intel64/icpc         CMakeFiles/cmTryCompileExec.dir/testCXXCompiler.cxx.o  -o cmTryCompileExec -rdynamic 
make[1]: Leaving directory `/home/marcus/nbuddies.git/stage-LINUX-x86_64/debug2012/CMakeFiles/CMakeTmp'


Detecting CXX compiler ABI info compiled with the following output:
Change Dir: /home/marcus/nbuddies.git/stage-LINUX-x86_64/debug2012/CMakeFiles/CMakeTmp

Run Build Command:/usr/bin/make "cmTryCompileExec/fast"
/usr/bin/make -f CMakeFiles/cmTryCompileExec.dir/build.make CMakeFiles/cmTryCompileExec.dir/build
make[1]: Entering directory `/home/marcus/nbuddies.git/stage-LINUX-x86_64/debug2012/CMakeFiles/CMakeTmp'
/usr/bin/cmake -E cmake_progress_report /home/marcus/nbuddies.git/stage-LINUX-x86_64/debug2012/CMakeFiles/CMakeTmp/CMakeFiles 1
Building CXX object CMakeFiles/cmTryCompileExec.dir/CMakeCXXCompilerABI.cpp.o
/opt/intel/composerxe-2011.2.137/bin/intel64/icpc     -o CMakeFiles/cmTryCompileExec.dir/CMakeCXXCompilerABI.cpp.o -c /usr/share/cmake-2.8/Modules/CMakeCXXCompilerABI.cpp
Linking CXX executable cmTryCompileExec
/usr/bin/cmake -E cmake_link_script CMakeFiles/cmTryCompileExec.dir/link.txt --verbose=1
/opt/intel/composerxe-2011.2.137/bin/intel64/icpc        -v CMakeFiles/cmTryCompileExec.dir/CMakeCXXCompilerABI.cpp.o  -o cmTryCompileExec -rdynamic  
Version 12.0.2
/opt/intel/composerxe-2011.2.137/bin/intel64/mcpcom    -mP1OPT_version=12.0-intel64 -mGLOB_diag_file=CMakeFiles/cmTryCompileExec.dir/CMakeCXXCompilerABI.cpp.diag -mP1OPT_print_version=FALSE -mCG_use_gas_got_workaround=F -mP2OPT_align_option_used=TRUE -mGLOB_gcc_version=443 "-mGLOB_options_string=-v -o cmTryCompileExec -rdynamic" -mGLOB_cxx_limited_range=FALSE -mGLOB_as_output_backup_file_name=/tmp/icpc4pPESbas_.s -mIPOPT_activate -mGLOB_machine_model=GLOB_MACHINE_MODEL_EFI2 -mGLOB_product_id_code=0x22001de6 -mP3OPT_use_mspp_call_convention -mPGOPTI_value_profile_use=T -mP2OPT_il0_array_sections=TRUE -mP2OPT_hlo -mP2OPT_hpo_rtt_control=0 -mIPOPT_args_in_regs=0 -mIPOPT_link -mIPOPT_ipo_activate -mIPOPT_mo_activate -mIPOPT_source_files_list=/tmp/icpcjkaVlOslis -mIPOPT_mo_global_data -mIPOPT_link_script_file=/tmp/icpc0TdFwBscript -mIPOPT_link_version=2.20.1-system.20100303 "-mIPOPT_cmdline_link="/usr/lib/gcc/x86_64-linux-gnu/4.4.3/../../../../lib64/crt1.o" "/usr/lib/gcc/x86_64-linux-gnu/4.4.3/../../../../lib64/crti.o" "/usr/lib/gcc/x86_64-linux-gnu/4.4.3/crtbegin.o" "-export-dynamic" "--eh-frame-hdr" "-dynamic-linker" "/lib64/ld-linux-x86-64.so.2" "-o" "cmTryCompileExec" "-L/opt/intel/composerxe-2011.2.137/compiler/lib/intel64" "-L/opt/intel/composerxe-2011.2.137/ipp/../compiler/lib/intel64" "-L/opt/intel/composerxe-2011.2.137/ipp/lib/intel64" "-L/opt/intel/composerxe-2011.2.137/compiler/lib/intel64" "-L/opt/intel/composerxe-2011.2.137/mkl/lib/intel64" "-L/opt/intel/composerxe-2011.2.137/tbb/lib/intel64//cc4.1.0_libc2.4_kernel2.6.16.21" "-L/opt/intel/composerxe-2011.2.137/compiler/lib/intel64" "-L/usr/lib/gcc/x86_64-linux-gnu/4.4.3" "-L/usr/lib/gcc/x86_64-linux-gnu/4.4.3/../../../../lib64" "-L/usr/lib/gcc/x86_64-linux-gnu/4.4.3/../../../../lib" "-L/lib/../lib64" "-L/lib/../lib" "-L/usr/lib/../lib64" "-L/usr/lib/../lib" "-L/opt/intel/composerxe-2011.2.137/compiler/lib/intel64" "-L/opt/intel/composerxe-2011.2.137/ipp/../compiler/lib/intel64" "-L/opt/intel/composerxe-2011.2.137/ipp/lib/intel64" "-L/opt/intel/composerxe-2011.2.137/mkl/lib/intel64" "-L/opt/intel/composerxe-2011.2.137/tbb/lib/intel64//cc4.1.0_libc2.4_kernel2.6.16.21" "-L/usr/lib/gcc/x86_64-linux-gnu/4.4.3/../../.." "-L/lib64" "-L/lib" "-L/usr/lib64" "-L/usr/lib" "-L/usr/lib/x86_64-linux-gnu" "CMakeFiles/cmTryCompileExec.dir/CMakeCXXCompilerABI.cpp.o" "-Bstatic" "-limf" "-lsvml" "-Bdynamic" "-lm" "-Bstatic" "-lipgo" "-ldecimal" "--as-needed" "-Bdynamic" "-lcilkrts" "--no-as-needed" "-lstdc++" "-lgcc_s" "-lgcc" "-Bstatic" "-lirc" "-Bdynamic" "-lc" "-lgcc_s" "-lgcc" "-Bstatic" "-lirc_s" "-Bdynamic" "-ldl" "-lc" "/usr/lib/gcc/x86_64-linux-gnu/4.4.3/crtend.o" "/usr/lib/gcc/x86_64-linux-gnu/4.4.3/../../../../lib64/crtn.o"" -mIPOPT_il_in_obj -mIPOPT_ipo_activate_warn=FALSE -mIPOPT_obj_output_file_name=/tmp/ipo_icpc2DKyj3.o -mGLOB_linker_version=2.20.1-system.20100303 -mGLOB_long_size_64 -mGLOB_routine_pointer_size_64 -mP3OPT_asm_target=P3OPT_ASM_TARGET_GAS -mGLOB_obj_output_file=/tmp/ipo_icpc2DKyj3.o -mP1OPT_source_file_name=ipo_out.c CMakeFiles/cmTryCompileExec.dir/CMakeCXXCompilerABI.cpp.o -mIPOPT_object_files=/tmp/icpcan0guQolis -mIPOPT_assembly_files=/tmp/icpcBGyZEDalis -mIPOPT_generated_tempfiles=/tmp/icpc4uvIPqelis -mIPOPT_embedded_object_base_name=/tmp/icpcCAMr0deobj -mIPOPT_cmdline_link_new_name=/tmp/icpcYwkbb1llis
ld    /usr/lib/gcc/x86_64-linux-gnu/4.4.3/../../../../lib64/crt1.o /usr/lib/gcc/x86_64-linux-gnu/4.4.3/../../../../lib64/crti.o /usr/lib/gcc/x86_64-linux-gnu/4.4.3/crtbegin.o -export-dynamic --eh-frame-hdr -dynamic-linker /lib64/ld-linux-x86-64.so.2 -o cmTryCompileExec -L/opt/intel/composerxe-2011.2.137/compiler/lib/intel64 -L/opt/intel/composerxe-2011.2.137/ipp/../compiler/lib/intel64 -L/opt/intel/composerxe-2011.2.137/ipp/lib/intel64 -L/opt/intel/composerxe-2011.2.137/compiler/lib/intel64 -L/opt/intel/composerxe-2011.2.137/mkl/lib/intel64 -L/opt/intel/composerxe-2011.2.137/tbb/lib/intel64//cc4.1.0_libc2.4_kernel2.6.16.21 -L/opt/intel/composerxe-2011.2.137/compiler/lib/intel64 -L/usr/lib/gcc/x86_64-linux-gnu/4.4.3 -L/usr/lib/gcc/x86_64-linux-gnu/4.4.3/../../../../lib64 -L/usr/lib/gcc/x86_64-linux-gnu/4.4.3/../../../../lib -L/lib/../lib64 -L/lib/../lib -L/usr/lib/../lib64 -L/usr/lib/../lib -L/opt/intel/composerxe-2011.2.137/compiler/lib/intel64 -L/opt/intel/composerxe-2011.2.137/ipp/../compiler/lib/intel64 -L/opt/intel/composerxe-2011.2.137/ipp/lib/intel64 -L/opt/intel/composerxe-2011.2.137/mkl/lib/intel64 -L/opt/intel/composerxe-2011.2.137/tbb/lib/intel64//cc4.1.0_libc2.4_kernel2.6.16.21 -L/usr/lib/gcc/x86_64-linux-gnu/4.4.3/../../.. -L/lib64 -L/lib -L/usr/lib64 -L/usr/lib -L/usr/lib/x86_64-linux-gnu CMakeFiles/cmTryCompileExec.dir/CMakeCXXCompilerABI.cpp.o -Bstatic -limf -lsvml -Bdynamic -lm -Bstatic -lipgo -ldecimal --as-needed -Bdynamic -lcilkrts --no-as-needed -lstdc++ -lgcc_s -lgcc -Bstatic -lirc -Bdynamic -lc -lgcc_s -lgcc -Bstatic -lirc_s -Bdynamic -ldl -lc /usr/lib/gcc/x86_64-linux-gnu/4.4.3/crtend.o /usr/lib/gcc/x86_64-linux-gnu/4.4.3/../../../../lib64/crtn.o
rm /tmp/icpcBB1vYslibgcc

rm /tmp/icpcrV9Q8fgnudirs

rm /tmp/icpcan0guQolis

rm /tmp/icpcBGyZEDalis

rm /tmp/icpc4uvIPqelis

rm /tmp/icpcYwkbb1llis

rm /tmp/icpcjkaVlOslis

rm /tmp/icpc0TdFwBscript

rm /tmp/ipo_icpc2DKyj3.o

rm /tmp/icpc1hNpHogas

rm /tmp/icpc4pPESbas_.s

rm /tmp/icpc5eBU3Yldashv

rm /tmp/icpcLyAzfMgnudirs

rm /tmp/icpcLoBWrzldashv

rm /tmp/icpcUJUOEmarg

make[1]: Leaving directory `/home/marcus/nbuddies.git/stage-LINUX-x86_64/debug2012/CMakeFiles/CMakeTmp'


Parsed CXX implicit link information from above output:
  link line regex: [^( *|.*[/\])(ld|ld|collect2)[^/\]*( |$)]
  ignore line: [Change Dir: /home/marcus/nbuddies.git/stage-LINUX-x86_64/debug2012/CMakeFiles/CMakeTmp]
  ignore line: []
  ignore line: [Run Build Command:/usr/bin/make "cmTryCompileExec/fast"]
  ignore line: [/usr/bin/make -f CMakeFiles/cmTryCompileExec.dir/build.make CMakeFiles/cmTryCompileExec.dir/build]
  ignore line: [make[1]: Entering directory `/home/marcus/nbuddies.git/stage-LINUX-x86_64/debug2012/CMakeFiles/CMakeTmp']
  ignore line: [/usr/bin/cmake -E cmake_progress_report /home/marcus/nbuddies.git/stage-LINUX-x86_64/debug2012/CMakeFiles/CMakeTmp/CMakeFiles 1]
  ignore line: [Building CXX object CMakeFiles/cmTryCompileExec.dir/CMakeCXXCompilerABI.cpp.o]
  ignore line: [/opt/intel/composerxe-2011.2.137/bin/intel64/icpc     -o CMakeFiles/cmTryCompileExec.dir/CMakeCXXCompilerABI.cpp.o -c /usr/share/cmake-2.8/Modules/CMakeCXXCompilerABI.cpp]
  ignore line: [Linking CXX executable cmTryCompileExec]
  ignore line: [/usr/bin/cmake -E cmake_link_script CMakeFiles/cmTryCompileExec.dir/link.txt --verbose=1]
  ignore line: [/opt/intel/composerxe-2011.2.137/bin/intel64/icpc        -v CMakeFiles/cmTryCompileExec.dir/CMakeCXXCompilerABI.cpp.o  -o cmTryCompileExec -rdynamic  ]
  ignore line: [Version 12.0.2]
  ignore line: [/opt/intel/composerxe-2011.2.137/bin/intel64/mcpcom    -mP1OPT_version=12.0-intel64 -mGLOB_diag_file=CMakeFiles/cmTryCompileExec.dir/CMakeCXXCompilerABI.cpp.diag -mP1OPT_print_version=FALSE -mCG_use_gas_got_workaround=F -mP2OPT_align_option_used=TRUE -mGLOB_gcc_version=443 "-mGLOB_options_string=-v -o cmTryCompileExec -rdynamic" -mGLOB_cxx_limited_range=FALSE -mGLOB_as_output_backup_file_name=/tmp/icpc4pPESbas_.s -mIPOPT_activate -mGLOB_machine_model=GLOB_MACHINE_MODEL_EFI2 -mGLOB_product_id_code=0x22001de6 -mP3OPT_use_mspp_call_convention -mPGOPTI_value_profile_use=T -mP2OPT_il0_array_sections=TRUE -mP2OPT_hlo -mP2OPT_hpo_rtt_control=0 -mIPOPT_args_in_regs=0 -mIPOPT_link -mIPOPT_ipo_activate -mIPOPT_mo_activate -mIPOPT_source_files_list=/tmp/icpcjkaVlOslis -mIPOPT_mo_global_data -mIPOPT_link_script_file=/tmp/icpc0TdFwBscript -mIPOPT_link_version=2.20.1-system.20100303 "-mIPOPT_cmdline_link="/usr/lib/gcc/x86_64-linux-gnu/4.4.3/../../../../lib64/crt1.o" "/usr/lib/gcc/x86_64-linux-gnu/4.4.3/../../../../lib64/crti.o" "/usr/lib/gcc/x86_64-linux-gnu/4.4.3/crtbegin.o" "-export-dynamic" "--eh-frame-hdr" "-dynamic-linker" "/lib64/ld-linux-x86-64.so.2" "-o" "cmTryCompileExec" "-L/opt/intel/composerxe-2011.2.137/compiler/lib/intel64" "-L/opt/intel/composerxe-2011.2.137/ipp/../compiler/lib/intel64" "-L/opt/intel/composerxe-2011.2.137/ipp/lib/intel64" "-L/opt/intel/composerxe-2011.2.137/compiler/lib/intel64" "-L/opt/intel/composerxe-2011.2.137/mkl/lib/intel64" "-L/opt/intel/composerxe-2011.2.137/tbb/lib/intel64//cc4.1.0_libc2.4_kernel2.6.16.21" "-L/opt/intel/composerxe-2011.2.137/compiler/lib/intel64" "-L/usr/lib/gcc/x86_64-linux-gnu/4.4.3" "-L/usr/lib/gcc/x86_64-linux-gnu/4.4.3/../../../../lib64" "-L/usr/lib/gcc/x86_64-linux-gnu/4.4.3/../../../../lib" "-L/lib/../lib64" "-L/lib/../lib" "-L/usr/lib/../lib64" "-L/usr/lib/../lib" "-L/opt/intel/composerxe-2011.2.137/compiler/lib/intel64" "-L/opt/intel/composerxe-2011.2.137/ipp/../compiler/lib/intel64" "-L/opt/intel/composerxe-2011.2.137/ipp/lib/intel64" "-L/opt/intel/composerxe-2011.2.137/mkl/lib/intel64" "-L/opt/intel/composerxe-2011.2.137/tbb/lib/intel64//cc4.1.0_libc2.4_kernel2.6.16.21" "-L/usr/lib/gcc/x86_64-linux-gnu/4.4.3/../../.." "-L/lib64" "-L/lib" "-L/usr/lib64" "-L/usr/lib" "-L/usr/lib/x86_64-linux-gnu" "CMakeFiles/cmTryCompileExec.dir/CMakeCXXCompilerABI.cpp.o" "-Bstatic" "-limf" "-lsvml" "-Bdynamic" "-lm" "-Bstatic" "-lipgo" "-ldecimal" "--as-needed" "-Bdynamic" "-lcilkrts" "--no-as-needed" "-lstdc++" "-lgcc_s" "-lgcc" "-Bstatic" "-lirc" "-Bdynamic" "-lc" "-lgcc_s" "-lgcc" "-Bstatic" "-lirc_s" "-Bdynamic" "-ldl" "-lc" "/usr/lib/gcc/x86_64-linux-gnu/4.4.3/crtend.o" "/usr/lib/gcc/x86_64-linux-gnu/4.4.3/../../../../lib64/crtn.o"" -mIPOPT_il_in_obj -mIPOPT_ipo_activate_warn=FALSE -mIPOPT_obj_output_file_name=/tmp/ipo_icpc2DKyj3.o -mGLOB_linker_version=2.20.1-system.20100303 -mGLOB_long_size_64 -mGLOB_routine_pointer_size_64 -mP3OPT_asm_target=P3OPT_ASM_TARGET_GAS -mGLOB_obj_output_file=/tmp/ipo_icpc2DKyj3.o -mP1OPT_source_file_name=ipo_out.c CMakeFiles/cmTryCompileExec.dir/CMakeCXXCompilerABI.cpp.o -mIPOPT_object_files=/tmp/icpcan0guQolis -mIPOPT_assembly_files=/tmp/icpcBGyZEDalis -mIPOPT_generated_tempfiles=/tmp/icpc4uvIPqelis -mIPOPT_embedded_object_base_name=/tmp/icpcCAMr0deobj -mIPOPT_cmdline_link_new_name=/tmp/icpcYwkbb1llis]
  link line: [ld    /usr/lib/gcc/x86_64-linux-gnu/4.4.3/../../../../lib64/crt1.o /usr/lib/gcc/x86_64-linux-gnu/4.4.3/../../../../lib64/crti.o /usr/lib/gcc/x86_64-linux-gnu/4.4.3/crtbegin.o -export-dynamic --eh-frame-hdr -dynamic-linker /lib64/ld-linux-x86-64.so.2 -o cmTryCompileExec -L/opt/intel/composerxe-2011.2.137/compiler/lib/intel64 -L/opt/intel/composerxe-2011.2.137/ipp/../compiler/lib/intel64 -L/opt/intel/composerxe-2011.2.137/ipp/lib/intel64 -L/opt/intel/composerxe-2011.2.137/compiler/lib/intel64 -L/opt/intel/composerxe-2011.2.137/mkl/lib/intel64 -L/opt/intel/composerxe-2011.2.137/tbb/lib/intel64//cc4.1.0_libc2.4_kernel2.6.16.21 -L/opt/intel/composerxe-2011.2.137/compiler/lib/intel64 -L/usr/lib/gcc/x86_64-linux-gnu/4.4.3 -L/usr/lib/gcc/x86_64-linux-gnu/4.4.3/../../../../lib64 -L/usr/lib/gcc/x86_64-linux-gnu/4.4.3/../../../../lib -L/lib/../lib64 -L/lib/../lib -L/usr/lib/../lib64 -L/usr/lib/../lib -L/opt/intel/composerxe-2011.2.137/compiler/lib/intel64 -L/opt/intel/composerxe-2011.2.137/ipp/../compiler/lib/intel64 -L/opt/intel/composerxe-2011.2.137/ipp/lib/intel64 -L/opt/intel/composerxe-2011.2.137/mkl/lib/intel64 -L/opt/intel/composerxe-2011.2.137/tbb/lib/intel64//cc4.1.0_libc2.4_kernel2.6.16.21 -L/usr/lib/gcc/x86_64-linux-gnu/4.4.3/../../.. -L/lib64 -L/lib -L/usr/lib64 -L/usr/lib -L/usr/lib/x86_64-linux-gnu CMakeFiles/cmTryCompileExec.dir/CMakeCXXCompilerABI.cpp.o -Bstatic -limf -lsvml -Bdynamic -lm -Bstatic -lipgo -ldecimal --as-needed -Bdynamic -lcilkrts --no-as-needed -lstdc++ -lgcc_s -lgcc -Bstatic -lirc -Bdynamic -lc -lgcc_s -lgcc -Bstatic -lirc_s -Bdynamic -ldl -lc /usr/lib/gcc/x86_64-linux-gnu/4.4.3/crtend.o /usr/lib/gcc/x86_64-linux-gnu/4.4.3/../../../../lib64/crtn.o]
    arg [ld] ==> ignore
    arg [/usr/lib/gcc/x86_64-linux-gnu/4.4.3/../../../../lib64/crt1.o] ==> ignore
    arg [/usr/lib/gcc/x86_64-linux-gnu/4.4.3/../../../../lib64/crti.o] ==> ignore
    arg [/usr/lib/gcc/x86_64-linux-gnu/4.4.3/crtbegin.o] ==> ignore
    arg [-export-dynamic] ==> ignore
    arg [--eh-frame-hdr] ==> ignore
    arg [-dynamic-linker] ==> ignore
    arg [/lib64/ld-linux-x86-64.so.2] ==> ignore
    arg [-o] ==> ignore
    arg [cmTryCompileExec] ==> ignore
    arg [-L/opt/intel/composerxe-2011.2.137/compiler/lib/intel64] ==> dir [/opt/intel/composerxe-2011.2.137/compiler/lib/intel64]
    arg [-L/opt/intel/composerxe-2011.2.137/ipp/../compiler/lib/intel64] ==> dir [/opt/intel/composerxe-2011.2.137/ipp/../compiler/lib/intel64]
    arg [-L/opt/intel/composerxe-2011.2.137/ipp/lib/intel64] ==> dir [/opt/intel/composerxe-2011.2.137/ipp/lib/intel64]
    arg [-L/opt/intel/composerxe-2011.2.137/compiler/lib/intel64] ==> dir [/opt/intel/composerxe-2011.2.137/compiler/lib/intel64]
    arg [-L/opt/intel/composerxe-2011.2.137/mkl/lib/intel64] ==> dir [/opt/intel/composerxe-2011.2.137/mkl/lib/intel64]
    arg [-L/opt/intel/composerxe-2011.2.137/tbb/lib/intel64//cc4.1.0_libc2.4_kernel2.6.16.21] ==> dir [/opt/intel/composerxe-2011.2.137/tbb/lib/intel64//cc4.1.0_libc2.4_kernel2.6.16.21]
    arg [-L/opt/intel/composerxe-2011.2.137/compiler/lib/intel64] ==> dir [/opt/intel/composerxe-2011.2.137/compiler/lib/intel64]
    arg [-L/usr/lib/gcc/x86_64-linux-gnu/4.4.3] ==> dir [/usr/lib/gcc/x86_64-linux-gnu/4.4.3]
    arg [-L/usr/lib/gcc/x86_64-linux-gnu/4.4.3/../../../../lib64] ==> dir [/usr/lib/gcc/x86_64-linux-gnu/4.4.3/../../../../lib64]
    arg [-L/usr/lib/gcc/x86_64-linux-gnu/4.4.3/../../../../lib] ==> dir [/usr/lib/gcc/x86_64-linux-gnu/4.4.3/../../../../lib]
    arg [-L/lib/../lib64] ==> dir [/lib/../lib64]
    arg [-L/lib/../lib] ==> dir [/lib/../lib]
    arg [-L/usr/lib/../lib64] ==> dir [/usr/lib/../lib64]
    arg [-L/usr/lib/../lib] ==> dir [/usr/lib/../lib]
    arg [-L/opt/intel/composerxe-2011.2.137/compiler/lib/intel64] ==> dir [/opt/intel/composerxe-2011.2.137/compiler/lib/intel64]
    arg [-L/opt/intel/composerxe-2011.2.137/ipp/../compiler/lib/intel64] ==> dir [/opt/intel/composerxe-2011.2.137/ipp/../compiler/lib/intel64]
    arg [-L/opt/intel/composerxe-2011.2.137/ipp/lib/intel64] ==> dir [/opt/intel/composerxe-2011.2.137/ipp/lib/intel64]
    arg [-L/opt/intel/composerxe-2011.2.137/mkl/lib/intel64] ==> dir [/opt/intel/composerxe-2011.2.137/mkl/lib/intel64]
    arg [-L/opt/intel/composerxe-2011.2.137/tbb/lib/intel64//cc4.1.0_libc2.4_kernel2.6.16.21] ==> dir [/opt/intel/composerxe-2011.2.137/tbb/lib/intel64//cc4.1.0_libc2.4_kernel2.6.16.21]
    arg [-L/usr/lib/gcc/x86_64-linux-gnu/4.4.3/../../..] ==> dir [/usr/lib/gcc/x86_64-linux-gnu/4.4.3/../../..]
    arg [-L/lib64] ==> dir [/lib64]
    arg [-L/lib] ==> dir [/lib]
    arg [-L/usr/lib64] ==> dir [/usr/lib64]
    arg [-L/usr/lib] ==> dir [/usr/lib]
    arg [-L/usr/lib/x86_64-linux-gnu] ==> dir [/usr/lib/x86_64-linux-gnu]
    arg [CMakeFiles/cmTryCompileExec.dir/CMakeCXXCompilerABI.cpp.o] ==> ignore
    arg [-Bstatic] ==> ignore
    arg [-limf] ==> lib [imf]
    arg [-lsvml] ==> lib [svml]
    arg [-Bdynamic] ==> ignore
    arg [-lm] ==> lib [m]
    arg [-Bstatic] ==> ignore
    arg [-lipgo] ==> lib [ipgo]
    arg [-ldecimal] ==> lib [decimal]
    arg [--as-needed] ==> ignore
    arg [-Bdynamic] ==> ignore
    arg [-lcilkrts] ==> lib [cilkrts]
    arg [--no-as-needed] ==> ignore
    arg [-lstdc++] ==> lib [stdc++]
    arg [-lgcc_s] ==> lib [gcc_s]
    arg [-lgcc] ==> lib [gcc]
    arg [-Bstatic] ==> ignore
    arg [-lirc] ==> lib [irc]
    arg [-Bdynamic] ==> ignore
    arg [-lc] ==> lib [c]
    arg [-lgcc_s] ==> lib [gcc_s]
    arg [-lgcc] ==> lib [gcc]
    arg [-Bstatic] ==> ignore
    arg [-lirc_s] ==> lib [irc_s]
    arg [-Bdynamic] ==> ignore
    arg [-ldl] ==> lib [dl]
    arg [-lc] ==> lib [c]
    arg [/usr/lib/gcc/x86_64-linux-gnu/4.4.3/crtend.o] ==> ignore
    arg [/usr/lib/gcc/x86_64-linux-gnu/4.4.3/../../../../lib64/crtn.o] ==> ignore
  remove lib [gcc_s]
  remove lib [gcc]
  remove lib [gcc_s]
  remove lib [gcc]
  collapse dir [/opt/intel/composerxe-2011.2.137/compiler/lib/intel64] ==> [/opt/intel/composerxe-2011.2.137/compiler/lib/intel64]
  collapse dir [/opt/intel/composerxe-2011.2.137/ipp/../compiler/lib/intel64] ==> [/opt/intel/composerxe-2011.2.137/compiler/lib/intel64]
  collapse dir [/opt/intel/composerxe-2011.2.137/ipp/lib/intel64] ==> [/opt/intel/composerxe-2011.2.137/ipp/lib/intel64]
  collapse dir [/opt/intel/composerxe-2011.2.137/compiler/lib/intel64] ==> [/opt/intel/composerxe-2011.2.137/compiler/lib/intel64]
  collapse dir [/opt/intel/composerxe-2011.2.137/mkl/lib/intel64] ==> [/opt/intel/composerxe-2011.2.137/mkl/lib/intel64]
  collapse dir [/opt/intel/composerxe-2011.2.137/tbb/lib/intel64//cc4.1.0_libc2.4_kernel2.6.16.21] ==> [/opt/intel/composerxe-2011.2.137/tbb/lib/intel64/cc4.1.0_libc2.4_kernel2.6.16.21]
  collapse dir [/opt/intel/composerxe-2011.2.137/compiler/lib/intel64] ==> [/opt/intel/composerxe-2011.2.137/compiler/lib/intel64]
  collapse dir [/usr/lib/gcc/x86_64-linux-gnu/4.4.3] ==> [/usr/lib/gcc/x86_64-linux-gnu/4.4.3]
  collapse dir [/usr/lib/gcc/x86_64-linux-gnu/4.4.3/../../../../lib64] ==> [/usr/lib64]
  collapse dir [/usr/lib/gcc/x86_64-linux-gnu/4.4.3/../../../../lib] ==> [/usr/lib]
  collapse dir [/lib/../lib64] ==> [/lib64]
  collapse dir [/lib/../lib] ==> [/lib]
  collapse dir [/usr/lib/../lib64] ==> [/usr/lib64]
  collapse dir [/usr/lib/../lib] ==> [/usr/lib]
  collapse dir [/opt/intel/composerxe-2011.2.137/compiler/lib/intel64] ==> [/opt/intel/composerxe-2011.2.137/compiler/lib/intel64]
  collapse dir [/opt/intel/composerxe-2011.2.137/ipp/../compiler/lib/intel64] ==> [/opt/intel/composerxe-2011.2.137/compiler/lib/intel64]
  collapse dir [/opt/intel/composerxe-2011.2.137/ipp/lib/intel64] ==> [/opt/intel/composerxe-2011.2.137/ipp/lib/intel64]
  collapse dir [/opt/intel/composerxe-2011.2.137/mkl/lib/intel64] ==> [/opt/intel/composerxe-2011.2.137/mkl/lib/intel64]
  collapse dir [/opt/intel/composerxe-2011.2.137/tbb/lib/intel64//cc4.1.0_libc2.4_kernel2.6.16.21] ==> [/opt/intel/composerxe-2011.2.137/tbb/lib/intel64/cc4.1.0_libc2.4_kernel2.6.16.21]
  collapse dir [/usr/lib/gcc/x86_64-linux-gnu/4.4.3/../../..] ==> [/usr/lib]
  collapse dir [/lib64] ==> [/lib64]
  collapse dir [/lib] ==> [/lib]
  collapse dir [/usr/lib64] ==> [/usr/lib64]
  collapse dir [/usr/lib] ==> [/usr/lib]
  collapse dir [/usr/lib/x86_64-linux-gnu] ==> [/usr/lib/x86_64-linux-gnu]
  implicit libs: [imf;svml;m;ipgo;decimal;cilkrts;stdc++;irc;c;irc_s;dl;c]
  implicit dirs: [/opt/intel/composerxe-2011.2.137/compiler/lib/intel64;/opt/intel/composerxe-2011.2.137/ipp/lib/intel64;/opt/intel/composerxe-2011.2.137/mkl/lib/intel64;/opt/intel/composerxe-2011.2.137/tbb/lib/intel64/cc4.1.0_libc2.4_kernel2.6.16.21;/usr/lib/gcc/x86_64-linux-gnu/4.4.3;/usr/lib64;/usr/lib;/lib64;/lib;/usr/lib/x86_64-linux-gnu]


Determining if the function XOpenDisplay exists in the /usr/lib/libX11.so;/usr/lib/libXext.so passed with the following output:
Change Dir: /home/marcus/nbuddies.git/stage-LINUX-x86_64/debug2012/CMakeFiles/CMakeTmp

Run Build Command:/usr/bin/make "cmTryCompileExec/fast"
/usr/bin/make -f CMakeFiles/cmTryCompileExec.dir/build.make CMakeFiles/cmTryCompileExec.dir/build
make[1]: Entering directory `/home/marcus/nbuddies.git/stage-LINUX-x86_64/debug2012/CMakeFiles/CMakeTmp'
/usr/bin/cmake -E cmake_progress_report /home/marcus/nbuddies.git/stage-LINUX-x86_64/debug2012/CMakeFiles/CMakeTmp/CMakeFiles 1
Building C object CMakeFiles/cmTryCompileExec.dir/CheckFunctionExists.c.o
/opt/intel/composerxe-2011.2.137/bin/intel64/icc   -DCHECK_FUNCTION_EXISTS=XOpenDisplay   -o CMakeFiles/cmTryCompileExec.dir/CheckFunctionExists.c.o   -c /usr/share/cmake-2.8/Modules/CheckFunctionExists.c
Linking C executable cmTryCompileExec
/usr/bin/cmake -E cmake_link_script CMakeFiles/cmTryCompileExec.dir/link.txt --verbose=1
/opt/intel/composerxe-2011.2.137/bin/intel64/icc     -DCHECK_FUNCTION_EXISTS=XOpenDisplay   CMakeFiles/cmTryCompileExec.dir/CheckFunctionExists.c.o  -o cmTryCompileExec -rdynamic -lX11 -lXext 
make[1]: Leaving directory `/home/marcus/nbuddies.git/stage-LINUX-x86_64/debug2012/CMakeFiles/CMakeTmp'


Determining if the function gethostbyname exists passed with the following output:
Change Dir: /home/marcus/nbuddies.git/stage-LINUX-x86_64/debug2012/CMakeFiles/CMakeTmp

Run Build Command:/usr/bin/make "cmTryCompileExec/fast"
/usr/bin/make -f CMakeFiles/cmTryCompileExec.dir/build.make CMakeFiles/cmTryCompileExec.dir/build
make[1]: Entering directory `/home/marcus/nbuddies.git/stage-LINUX-x86_64/debug2012/CMakeFiles/CMakeTmp'
/usr/bin/cmake -E cmake_progress_report /home/marcus/nbuddies.git/stage-LINUX-x86_64/debug2012/CMakeFiles/CMakeTmp/CMakeFiles 1
Building C object CMakeFiles/cmTryCompileExec.dir/CheckFunctionExists.c.o
/opt/intel/composerxe-2011.2.137/bin/intel64/icc   -DCHECK_FUNCTION_EXISTS=gethostbyname   -o CMakeFiles/cmTryCompileExec.dir/CheckFunctionExists.c.o   -c /usr/share/cmake-2.8/Modules/CheckFunctionExists.c
Linking C executable cmTryCompileExec
/usr/bin/cmake -E cmake_link_script CMakeFiles/cmTryCompileExec.dir/link.txt --verbose=1
/opt/intel/composerxe-2011.2.137/bin/intel64/icc     -DCHECK_FUNCTION_EXISTS=gethostbyname   CMakeFiles/cmTryCompileExec.dir/CheckFunctionExists.c.o  -o cmTryCompileExec -rdynamic 
make[1]: Leaving directory `/home/marcus/nbuddies.git/stage-LINUX-x86_64/debug2012/CMakeFiles/CMakeTmp'


Determining if the function connect exists passed with the following output:
Change Dir: /home/marcus/nbuddies.git/stage-LINUX-x86_64/debug2012/CMakeFiles/CMakeTmp

Run Build Command:/usr/bin/make "cmTryCompileExec/fast"
/usr/bin/make -f CMakeFiles/cmTryCompileExec.dir/build.make CMakeFiles/cmTryCompileExec.dir/build
make[1]: Entering directory `/home/marcus/nbuddies.git/stage-LINUX-x86_64/debug2012/CMakeFiles/CMakeTmp'
/usr/bin/cmake -E cmake_progress_report /home/marcus/nbuddies.git/stage-LINUX-x86_64/debug2012/CMakeFiles/CMakeTmp/CMakeFiles 1
Building C object CMakeFiles/cmTryCompileExec.dir/CheckFunctionExists.c.o
/opt/intel/composerxe-2011.2.137/bin/intel64/icc   -DCHECK_FUNCTION_EXISTS=connect   -o CMakeFiles/cmTryCompileExec.dir/CheckFunctionExists.c.o   -c /usr/share/cmake-2.8/Modules/CheckFunctionExists.c
Linking C executable cmTryCompileExec
/usr/bin/cmake -E cmake_link_script CMakeFiles/cmTryCompileExec.dir/link.txt --verbose=1
/opt/intel/composerxe-2011.2.137/bin/intel64/icc     -DCHECK_FUNCTION_EXISTS=connect   CMakeFiles/cmTryCompileExec.dir/CheckFunctionExists.c.o  -o cmTryCompileExec -rdynamic 
make[1]: Leaving directory `/home/marcus/nbuddies.git/stage-LINUX-x86_64/debug2012/CMakeFiles/CMakeTmp'


Determining if the function remove exists passed with the following output:
Change Dir: /home/marcus/nbuddies.git/stage-LINUX-x86_64/debug2012/CMakeFiles/CMakeTmp

Run Build Command:/usr/bin/make "cmTryCompileExec/fast"
/usr/bin/make -f CMakeFiles/cmTryCompileExec.dir/build.make CMakeFiles/cmTryCompileExec.dir/build
make[1]: Entering directory `/home/marcus/nbuddies.git/stage-LINUX-x86_64/debug2012/CMakeFiles/CMakeTmp'
/usr/bin/cmake -E cmake_progress_report /home/marcus/nbuddies.git/stage-LINUX-x86_64/debug2012/CMakeFiles/CMakeTmp/CMakeFiles 1
Building C object CMakeFiles/cmTryCompileExec.dir/CheckFunctionExists.c.o
/opt/intel/composerxe-2011.2.137/bin/intel64/icc   -DCHECK_FUNCTION_EXISTS=remove   -o CMakeFiles/cmTryCompileExec.dir/CheckFunctionExists.c.o   -c /usr/share/cmake-2.8/Modules/CheckFunctionExists.c
Linking C executable cmTryCompileExec
/usr/bin/cmake -E cmake_link_script CMakeFiles/cmTryCompileExec.dir/link.txt --verbose=1
/opt/intel/composerxe-2011.2.137/bin/intel64/icc     -DCHECK_FUNCTION_EXISTS=remove   CMakeFiles/cmTryCompileExec.dir/CheckFunctionExists.c.o  -o cmTryCompileExec -rdynamic 
make[1]: Leaving directory `/home/marcus/nbuddies.git/stage-LINUX-x86_64/debug2012/CMakeFiles/CMakeTmp'


Determining if the function shmat exists passed with the following output:
Change Dir: /home/marcus/nbuddies.git/stage-LINUX-x86_64/debug2012/CMakeFiles/CMakeTmp

Run Build Command:/usr/bin/make "cmTryCompileExec/fast"
/usr/bin/make -f CMakeFiles/cmTryCompileExec.dir/build.make CMakeFiles/cmTryCompileExec.dir/build
make[1]: Entering directory `/home/marcus/nbuddies.git/stage-LINUX-x86_64/debug2012/CMakeFiles/CMakeTmp'
/usr/bin/cmake -E cmake_progress_report /home/marcus/nbuddies.git/stage-LINUX-x86_64/debug2012/CMakeFiles/CMakeTmp/CMakeFiles 1
Building C object CMakeFiles/cmTryCompileExec.dir/CheckFunctionExists.c.o
/opt/intel/composerxe-2011.2.137/bin/intel64/icc   -DCHECK_FUNCTION_EXISTS=shmat   -o CMakeFiles/cmTryCompileExec.dir/CheckFunctionExists.c.o   -c /usr/share/cmake-2.8/Modules/CheckFunctionExists.c
Linking C executable cmTryCompileExec
/usr/bin/cmake -E cmake_link_script CMakeFiles/cmTryCompileExec.dir/link.txt --verbose=1
/opt/intel/composerxe-2011.2.137/bin/intel64/icc     -DCHECK_FUNCTION_EXISTS=shmat   CMakeFiles/cmTryCompileExec.dir/CheckFunctionExists.c.o  -o cmTryCompileExec -rdynamic 
make[1]: Leaving directory `/home/marcus/nbuddies.git/stage-LINUX-x86_64/debug2012/CMakeFiles/CMakeTmp'


Determining if the function IceConnectionNumber exists in the ICE passed with the following output:
Change Dir: /home/marcus/nbuddies.git/stage-LINUX-x86_64/debug2012/CMakeFiles/CMakeTmp

Run Build Command:/usr/bin/make "cmTryCompileExec/fast"
/usr/bin/make -f CMakeFiles/cmTryCompileExec.dir/build.make CMakeFiles/cmTryCompileExec.dir/build
make[1]: Entering directory `/home/marcus/nbuddies.git/stage-LINUX-x86_64/debug2012/CMakeFiles/CMakeTmp'
/usr/bin/cmake -E cmake_progress_report /home/marcus/nbuddies.git/stage-LINUX-x86_64/debug2012/CMakeFiles/CMakeTmp/CMakeFiles 1
Building C object CMakeFiles/cmTryCompileExec.dir/CheckFunctionExists.c.o
/opt/intel/composerxe-2011.2.137/bin/intel64/icc   -DCHECK_FUNCTION_EXISTS=IceConnectionNumber   -o CMakeFiles/cmTryCompileExec.dir/CheckFunctionExists.c.o   -c /usr/share/cmake-2.8/Modules/CheckFunctionExists.c
Linking C executable cmTryCompileExec
/usr/bin/cmake -E cmake_link_script CMakeFiles/cmTryCompileExec.dir/link.txt --verbose=1
/opt/intel/composerxe-2011.2.137/bin/intel64/icc     -DCHECK_FUNCTION_EXISTS=IceConnectionNumber   CMakeFiles/cmTryCompileExec.dir/CheckFunctionExists.c.o  -o cmTryCompileExec -rdynamic -lICE 
make[1]: Leaving directory `/home/marcus/nbuddies.git/stage-LINUX-x86_64/debug2012/CMakeFiles/CMakeTmp'


